<?xml version="1.0" encoding="UTF-8"?>
<!-- Generated by org.testng.reporters.JUnitXMLReporter -->
<testsuite ignored="0" hostname="PMJ" failures="1" tests="6" name="Test" time="177.673" errors="0" timestamp="21 Dec 2022 05:14:51 GMT">
  <testcase classname="Project1.Scenario1" name="ValidateLogin" time="14.737"/>
  <testcase classname="Project1.Scenario2" name="Validation" time="46.932"/>
  <testcase classname="Project1.Scenario3" name="Validation" time="21.672">
    <failure type="org.openqa.selenium.ElementClickInterceptedException" message="element click intercepted: Element &amp;lt;a class=&amp;quot;orangehrm-tabs-item&amp;quot; href=&amp;quot;/web/index.php/pim/contactDetails/empNumber/75&amp;quot; data-v-0c35ff1f=&amp;quot;&amp;quot;&amp;gt;...&amp;lt;/a&amp;gt; is not clickable at point (414, 13). Other element would receive the click: &amp;lt;div class=&amp;quot;oxd-topbar-header-title&amp;quot; data-v-1c40f28d=&amp;quot;&amp;quot;&amp;gt;...&amp;lt;/div&amp;gt;
  (Session info: chrome=108.0.5359.125)
Build info: version: &amp;apos;4.4.0&amp;apos;, revision: &amp;apos;e5c75ed026a&amp;apos;
System info: host: &amp;apos;PMJ&amp;apos;, ip: &amp;apos;192.168.166.141&amp;apos;, os.name: &amp;apos;Windows 11&amp;apos;, os.arch: &amp;apos;amd64&amp;apos;, os.version: &amp;apos;10.0&amp;apos;, java.version: &amp;apos;17.0.4.1&amp;apos;
Driver info: org.openqa.selenium.chrome.ChromeDriver
Command: [1ce6789b34be58632691e23976983f81, clickElement {id=bed119f0-dc11-46f3-80ba-3c5b751cc531}]
Capabilities {acceptInsecureCerts: false, browserName: chrome, browserVersion: 108.0.5359.125, chrome: {chromedriverVersion: 108.0.5359.71 (1e0e3868ee06..., userDataDir: C:\Users\prave\AppData\Loca...}, goog:chromeOptions: {debuggerAddress: localhost:50390}, networkConnectionEnabled: false, pageLoadStrategy: normal, platformName: WINDOWS, proxy: Proxy(), se:cdp: ws://localhost:50390/devtoo..., se:cdpVersion: 108.0.5359.125, setWindowRect: true, strictFileInteractability: false, timeouts: {implicit: 0, pageLoad: 300000, script: 30000}, unhandledPromptBehavior: dismiss and notify, webauthn:extension:credBlob: true, webauthn:extension:largeBlob: true, webauthn:virtualAuthenticators: true}
Element: [[ChromeDriver: chrome on WINDOWS (1ce6789b34be58632691e23976983f81)] -&amp;gt; xpath: //*[@id=&amp;quot;app&amp;quot;]/div[1]/div[2]/div[2]/div/div/div/div[1]/div[2]/div[2]/a]
Session ID: 1ce6789b34be58632691e23976983f81">
      <![CDATA[org.openqa.selenium.ElementClickInterceptedException: element click intercepted: Element <a class="orangehrm-tabs-item" href="/web/index.php/pim/contactDetails/empNumber/75" data-v-0c35ff1f="">...</a> is not clickable at point (414, 13). Other element would receive the click: <div class="oxd-topbar-header-title" data-v-1c40f28d="">...</div>
  (Session info: chrome=108.0.5359.125)
Build info: version: '4.4.0', revision: 'e5c75ed026a'
System info: host: 'PMJ', ip: '192.168.166.141', os.name: 'Windows 11', os.arch: 'amd64', os.version: '10.0', java.version: '17.0.4.1'
Driver info: org.openqa.selenium.chrome.ChromeDriver
Command: [1ce6789b34be58632691e23976983f81, clickElement {id=bed119f0-dc11-46f3-80ba-3c5b751cc531}]
Capabilities {acceptInsecureCerts: false, browserName: chrome, browserVersion: 108.0.5359.125, chrome: {chromedriverVersion: 108.0.5359.71 (1e0e3868ee06..., userDataDir: C:\Users\prave\AppData\Loca...}, goog:chromeOptions: {debuggerAddress: localhost:50390}, networkConnectionEnabled: false, pageLoadStrategy: normal, platformName: WINDOWS, proxy: Proxy(), se:cdp: ws://localhost:50390/devtoo..., se:cdpVersion: 108.0.5359.125, setWindowRect: true, strictFileInteractability: false, timeouts: {implicit: 0, pageLoad: 300000, script: 30000}, unhandledPromptBehavior: dismiss and notify, webauthn:extension:credBlob: true, webauthn:extension:largeBlob: true, webauthn:virtualAuthenticators: true}
Element: [[ChromeDriver: chrome on WINDOWS (1ce6789b34be58632691e23976983f81)] -> xpath: //*[@id="app"]/div[1]/div[2]/div[2]/div/div/div/div[1]/div[2]/div[2]/a]
Session ID: 1ce6789b34be58632691e23976983f81
at org.openqa.selenium.remote.codec.w3c.W3CHttpResponseCodec.createException(W3CHttpResponseCodec.java:200)
at org.openqa.selenium.remote.codec.w3c.W3CHttpResponseCodec.decode(W3CHttpResponseCodec.java:133)
at org.openqa.selenium.remote.codec.w3c.W3CHttpResponseCodec.decode(W3CHttpResponseCodec.java:53)
at org.openqa.selenium.remote.HttpCommandExecutor.execute(HttpCommandExecutor.java:184)
at org.openqa.selenium.remote.service.DriverCommandExecutor.invokeExecute(DriverCommandExecutor.java:167)
at org.openqa.selenium.remote.service.DriverCommandExecutor.execute(DriverCommandExecutor.java:142)
at org.openqa.selenium.remote.RemoteWebDriver.execute(RemoteWebDriver.java:547)
at org.openqa.selenium.remote.RemoteWebElement.execute(RemoteWebElement.java:257)
at org.openqa.selenium.remote.RemoteWebElement.click(RemoteWebElement.java:78)
at Pages.MyInfo.Myinfo(MyInfo.java:48)
at Project1.Scenario3.Validation(Scenario3.java:27)
... Removed 34 stack frames]]>
    </failure>
  </testcase> <!-- Validation -->
  <testcase classname="Project1.Scenario4" name="Validation" time="3.335"/>
  <testcase classname="Project1.Scenario5" name="ValidateLogin" time="37.109"/>
  <testcase classname="Project1.Scenario6" name="ValidateLogin" time="11.55"/>
</testsuite> <!-- Test -->
